<?xml version="1.0" encoding="UTF-8"?>
<!-- Generated by org.testng.reporters.JUnitReportReporter -->
<testsuite hostname="seleniuminstance2-0" failures="0" tests="1" name="runner.Testcase1" time="6.068" errors="0" timestamp="2023-09-22T21:04:15 UTC" skipped="0">
  <testcase classname="runner.Testcase1" name="todaysDeal" time="6.068"/>
</testsuite> <!-- runner.Testcase1 -->
